<?xml version="1.0" encoding="UTF-8"?>
<testsuites>
  <testsuite name="fastlane.lanes">
    
    
    
      
      <testcase classname="fastlane.lanes" name="0: default_platform" time="0.000354">
        
      </testcase>
    
      
      <testcase classname="fastlane.lanes" name="1: Switch to android distribute lane" time="9.3e-05">
        
      </testcase>
    
      
      <testcase classname="fastlane.lanes" name="2: clean assembleDebug" time="10.849775">
        
          <failure message="/opt/homebrew/Cellar/fastlane/2.220.0/libexec/gems/fastlane-2.220.0/fastlane/lib/fastlane/actions/actions_helper.rb:67:in `execute_action&apos;&#10;/opt/homebrew/Cellar/fastlane/2.220.0/libexec/gems/fastlane-2.220.0/fastlane/lib/fastlane/runner.rb:255:in `block in execute_action&apos;&#10;/opt/homebrew/Cellar/fastlane/2.220.0/libexec/gems/fastlane-2.220.0/fastlane/lib/fastlane/runner.rb:229:in `chdir&apos;&#10;/opt/homebrew/Cellar/fastlane/2.220.0/libexec/gems/fastlane-2.220.0/fastlane/lib/fastlane/runner.rb:229:in `execute_action&apos;&#10;/opt/homebrew/Cellar/fastlane/2.220.0/libexec/gems/fastlane-2.220.0/fastlane/lib/fastlane/runner.rb:157:in `trigger_action_by_name&apos;&#10;/opt/homebrew/Cellar/fastlane/2.220.0/libexec/gems/fastlane-2.220.0/fastlane/lib/fastlane/fast_file.rb:159:in `method_missing&apos;&#10;Fastfile:33:in `block (2 levels) in parsing_binding&apos;&#10;/opt/homebrew/Cellar/fastlane/2.220.0/libexec/gems/fastlane-2.220.0/fastlane/lib/fastlane/lane.rb:41:in `call&apos;&#10;/opt/homebrew/Cellar/fastlane/2.220.0/libexec/gems/fastlane-2.220.0/fastlane/lib/fastlane/runner.rb:204:in `try_switch_to_lane&apos;&#10;/opt/homebrew/Cellar/fastlane/2.220.0/libexec/gems/fastlane-2.220.0/fastlane/lib/fastlane/runner.rb:146:in `trigger_action_by_name&apos;&#10;/opt/homebrew/Cellar/fastlane/2.220.0/libexec/gems/fastlane-2.220.0/fastlane/lib/fastlane/fast_file.rb:159:in `method_missing&apos;&#10;Fastfile:19:in `block (2 levels) in parsing_binding&apos;&#10;/opt/homebrew/Cellar/fastlane/2.220.0/libexec/gems/fastlane-2.220.0/fastlane/lib/fastlane/lane.rb:41:in `call&apos;&#10;/opt/homebrew/Cellar/fastlane/2.220.0/libexec/gems/fastlane-2.220.0/fastlane/lib/fastlane/runner.rb:49:in `block in execute&apos;&#10;/opt/homebrew/Cellar/fastlane/2.220.0/libexec/gems/fastlane-2.220.0/fastlane/lib/fastlane/runner.rb:45:in `chdir&apos;&#10;/opt/homebrew/Cellar/fastlane/2.220.0/libexec/gems/fastlane-2.220.0/fastlane/lib/fastlane/runner.rb:45:in `execute&apos;&#10;/opt/homebrew/Cellar/fastlane/2.220.0/libexec/gems/fastlane-2.220.0/fastlane/lib/fastlane/lane_manager.rb:46:in `cruise_lane&apos;&#10;/opt/homebrew/Cellar/fastlane/2.220.0/libexec/gems/fastlane-2.220.0/fastlane/lib/fastlane/command_line_handler.rb:34:in `handle&apos;&#10;/opt/homebrew/Cellar/fastlane/2.220.0/libexec/gems/fastlane-2.220.0/fastlane/lib/fastlane/commands_generator.rb:110:in `block (2 levels) in run&apos;&#10;/opt/homebrew/Cellar/fastlane/2.220.0/libexec/gems/commander-4.6.0/lib/commander/command.rb:187:in `call&apos;&#10;/opt/homebrew/Cellar/fastlane/2.220.0/libexec/gems/commander-4.6.0/lib/commander/command.rb:157:in `run&apos;&#10;/opt/homebrew/Cellar/fastlane/2.220.0/libexec/gems/commander-4.6.0/lib/commander/runner.rb:444:in `run_active_command&apos;&#10;/opt/homebrew/Cellar/fastlane/2.220.0/libexec/gems/fastlane-2.220.0/fastlane_core/lib/fastlane_core/ui/fastlane_runner.rb:124:in `run!&apos;&#10;/opt/homebrew/Cellar/fastlane/2.220.0/libexec/gems/commander-4.6.0/lib/commander/delegates.rb:18:in `run!&apos;&#10;/opt/homebrew/Cellar/fastlane/2.220.0/libexec/gems/fastlane-2.220.0/fastlane/lib/fastlane/commands_generator.rb:363:in `run&apos;&#10;/opt/homebrew/Cellar/fastlane/2.220.0/libexec/gems/fastlane-2.220.0/fastlane/lib/fastlane/commands_generator.rb:43:in `start&apos;&#10;/opt/homebrew/Cellar/fastlane/2.220.0/libexec/gems/fastlane-2.220.0/fastlane/lib/fastlane/cli_tools_distributor.rb:123:in `take_off&apos;&#10;/opt/homebrew/Cellar/fastlane/2.220.0/libexec/gems/fastlane-2.220.0/bin/fastlane:23:in `&lt;top (required)&gt;&apos;&#10;/opt/homebrew/Cellar/fastlane/2.220.0/libexec/bin/fastlane:25:in `load&apos;&#10;/opt/homebrew/Cellar/fastlane/2.220.0/libexec/bin/fastlane:25:in `&lt;main&gt;&apos;&#10;&#10;Shell command exited with exit status 1 instead of 0.&#10;&#10;&gt; Configure project :app&#10;app: &apos;annotationProcessor&apos; dependencies won&apos;t be recognized as kapt annotation processors. Please change the configuration name to &apos;kapt&apos; for these artifacts: &apos;com.github.bumptech.glide:compiler:4.13.0&apos;.&#10;&#10;&gt; Task :clean&#10;&gt; Task :app:clean&#10;&gt; Task :app:preBuild UP-TO-DATE&#10;&gt; Task :app:preDevelopmentDebugBuild UP-TO-DATE&#10;&gt; Task :app:preProductionDebugBuild UP-TO-DATE&#10;&gt; Task :app:preStagingDebugBuild UP-TO-DATE&#10;&gt; Task :app:mergeDevelopmentDebugNativeDebugMetadata NO-SOURCE&#10;&gt; Task :app:compileDevelopmentDebugAidl NO-SOURCE&#10;&gt; Task :app:compileDevelopmentDebugRenderscript NO-SOURCE&#10;&gt; Task :app:generateDevelopmentDebugResValues&#10;&gt; Task :app:generateDevelopmentDebugResources&#10;&gt; Task :app:dataBindingMergeDependencyArtifactsDevelopmentDebug&#10;&gt; Task :app:mergeDevelopmentDebugResources&#10;&gt; Task :app:packageDevelopmentDebugResources&#10;&gt; Task :app:dataBindingTriggerDevelopmentDebug&#10;&gt; Task :app:generateDevelopmentDebugBuildConfig&#10;&gt; Task :app:parseDevelopmentDebugLocalResources&#10;&gt; Task :app:generateSafeArgsDevelopmentDebug&#10;&gt; Task :app:dataBindingGenBaseClassesDevelopmentDebug&#10;&gt; Task :app:mapDevelopmentDebugSourceSetPaths&#10;&gt; Task :app:createDevelopmentDebugCompatibleScreenManifests&#10;&gt; Task :app:extractDeepLinksDevelopmentDebug&#10;&gt; Task :app:checkDevelopmentDebugAarMetadata&#10;&#10;&gt; Task :app:processDevelopmentDebugMainManifest&#10;package=&quot;com.luthtan.github_user_android&quot; found in source AndroidManifest.xml: /Users/muhammad.l.tantowi/Desktop/project/github-user-android/app/src/main/AndroidManifest.xml.&#10;Setting the namespace via a source AndroidManifest.xml&apos;s package attribute is deprecated.&#10;Please instead set the namespace (or testNamespace) in the module&apos;s build.gradle file, as described here: https://developer.android.com/studio/build/configure-app-module#set-namespace&#10;This migration can be done automatically using the AGP Upgrade Assistant, please refer to https://developer.android.com/studio/build/agp-upgrade-assistant for more information.&#10;[com.google.maps.android:maps-utils-ktx:3.0.0] /Users/muhammad.l.tantowi/.gradle/caches/transforms-3/bbffda2b6c353cc437b1fb799f187f3c/transformed/jetified-maps-utils-ktx-3.0.0/AndroidManifest.xml Warning:&#10;	Namespace &apos;com.google.maps.android&apos; used in: com.google.maps.android:maps-utils-ktx:3.0.0, com.google.maps.android:android-maps-utils:2.0.1.&#10;&#10;&gt; Task :app:processDevelopmentDebugManifest&#10;&gt; Task :app:mergeDevelopmentDebugShaders&#10;&gt; Task :app:compileDevelopmentDebugShaders NO-SOURCE&#10;&gt; Task :app:generateDevelopmentDebugAssets UP-TO-DATE&#10;&gt; Task :app:mergeDevelopmentDebugAssets&#10;&gt; Task :app:compressDevelopmentDebugAssets&#10;&gt; Task :app:processDevelopmentDebugJavaRes NO-SOURCE&#10;&gt; Task :app:desugarDevelopmentDebugFileDependencies&#10;&gt; Task :app:mergeDevelopmentDebugJniLibFolders&#10;&gt; Task :app:mergeDevelopmentDebugNativeLibs NO-SOURCE&#10;&gt; Task :app:stripDevelopmentDebugDebugSymbols NO-SOURCE&#10;&gt; Task :app:validateSigningDevelopmentDebug FAILED&#10;&gt; Task :app:processDevelopmentDebugManifestForPackage&#10;&gt; Task :app:javaPreCompileDevelopmentDebug&#10;&gt; Task :app:checkDevelopmentDebugDuplicateClasses&#10;&#10;FAILURE: Build failed with an exception.&#10;&#10;* What went wrong:&#10;Execution failed for task &apos;:app:validateSigningDevelopmentDebug&apos;.&#10;&gt; Keystore file &apos;/Users/muhammad.l.tantowi/.gradle/daemon/7.4/githubuser.jks&apos; not found for signing config &apos;externalOverride&apos;.&#10;&#10;* Try:&#10;&gt; Run with --stacktrace option to get the stack trace.&#10;&gt; Run with --info or --debug option to get more log output.&#10;&gt; Run with --scan to get full insights.&#10;&#10;* Get more help at https://help.gradle.org&#10;&#10;BUILD FAILED in 10s&#10;26 actionable tasks: 26 executed&#10;" />
        
      </testcase>
    
  </testsuite>
</testsuites>
